\BOOKMARK [0][-]{part.1}{I Literature review}{}% 1
\BOOKMARK [1][-]{section.1}{Objective}{part.1}% 2
\BOOKMARK [1][-]{section.2}{Introduction}{part.1}% 3
\BOOKMARK [1][-]{section.3}{Methodology}{part.1}% 4
\BOOKMARK [0][-]{part.2}{II Hardware used}{}% 5
\BOOKMARK [1][-]{section.4}{Firebird V by Nex Robotics}{part.2}% 6
\BOOKMARK [1][-]{section.5}{MeArm}{part.2}% 7
\BOOKMARK [1][-]{section.6}{Ultrasound sensor}{part.2}% 8
\BOOKMARK [1][-]{section.7}{Sharp IR sensor}{part.2}% 9
\BOOKMARK [0][-]{part.3}{III Mathematical modeling of MeArm}{}% 10
\BOOKMARK [0][-]{part.4}{IV Software architecture}{}% 11
\BOOKMARK [0][-]{part.5}{V Flowcharts}{}% 12
\BOOKMARK [0][-]{part.6}{VI Design details}{}% 13
\BOOKMARK [1][-]{section.8}{Navigation}{part.6}% 14
\BOOKMARK [2][-]{subsection.8.1}{Ultrasound sensor interfacing code}{section.8}% 15
\BOOKMARK [2][-]{subsection.8.2}{Sharp IR sensor interfacing code}{section.8}% 16
\BOOKMARK [2][-]{subsection.8.3}{P control with deadband for navigation}{section.8}% 17
\BOOKMARK [1][-]{section.9}{Actuator kinematics}{part.6}% 18
\BOOKMARK [2][-]{subsection.9.1}{Servo interface}{section.9}% 19
\BOOKMARK [1][-]{section.10}{MATLAB implementation of MeArm}{part.6}% 20
\BOOKMARK [1][-]{section.11}{Navigation implementation}{part.6}% 21
\BOOKMARK [0][-]{part.7}{VII Learning experience}{}% 22
\BOOKMARK [1][-]{section.12}{Indoor navigation}{part.7}% 23
\BOOKMARK [1][-]{section.13}{3 DOF manipulator \(MeArm\)}{part.7}% 24
\BOOKMARK [0][-]{part.8}{VIII Result}{}% 25
\BOOKMARK [1][-]{section.14}{Deliverables}{part.8}% 26
\BOOKMARK [1][-]{section.15}{Things achieved}{part.8}% 27
\BOOKMARK [0][-]{part.9}{IX Future work}{}% 28
\BOOKMARK [0][-]{part.10}{X References}{}% 29
\BOOKMARK [1][-]{section.16}{Irobotbraava}{part.10}% 30
\BOOKMARK [1][-]{section.17}{Irobotbraava jet}{part.10}% 31
